C51 COMPILER V9.50a   PROJECT                                                              03/24/2023 21:00:44 PAGE 1   


C51 COMPILER V9.50a, COMPILATION OF MODULE PROJECT
OBJECT MODULE PLACED IN project.OBJ
COMPILER INVOKED BY: C:\Keil\C51\BIN\C51.EXE project.c BROWSE DEBUG OBJECTEXTEND TABS(2)

line level    source

   1          #include<reg51.h>
   2          void keypad(void);
   3          #define data P1               //data line of lcd
   4          
   5          sbit led=P0^7;     
   6          sbit rs=P0^1;
   7          sbit rw=P0^2;
   8          sbit en=P0^3;
   9          
  10          void lcd_initi(void);
  11          void lcd_data(unsigned char);
  12          void lcd_cmd(unsigned char);
  13          void delay(unsigned int);
  14          void lcd_string(unsigned char *);
  15          void trans(unsigned char );
  16          unsigned char receive(void);
  17          void string1(void);
  18          
  19          sbit r0=P2^0;
  20          sbit r1=P2^1;
  21          sbit r2=P2^2;
  22          sbit r3=P2^3;
  23          sbit c0=P2^4;
  24          sbit c1=P2^5;
  25          sbit c2=P2^6;
  26          sbit c3=P2^7;
  27          
  28          void int0_isr(void)  interrupt 0
  29          {
  30   1        string1();
  31   1        led=1;          //led on
  32   1        //delay(10);
  33   1      }
  34          void main ()
  35          {
  36   1          unsigned int i;
  37   1          unsigned char c;
  38   1           led=0;   //led is off ...sinking mode
  39   1           lcd_initi();
  40   1        // lcd_data("A");
  41   1           EA=1;
  42   1          EX0=1;    //enable external interrupt 0
  43   1          IT0=1;    //falling edge  trigeering (falling edge triggering execute only once time,while low level tri
             -ggering execute contineously) 
  44   1          TMOD=0x21;
  45   1          SCON=0x50;
  46   1          TH1=0xfd;   //9600 baud rate
  47   1          TR1=1;        //start timmer
  48   1            while(1)
  49   1          {
  50   2            i=0;
  51   2            while(i<=20)
  52   2            {
  53   3            //  led=0;    //led off
  54   3              //lcd_cmd(0x01);
C51 COMPILER V9.50a   PROJECT                                                              03/24/2023 21:00:44 PAGE 2   

  55   3              //lcd_cmd(0x80);
  56   3            c=receive();
  57   3            lcd_data(c);
  58   3            trans(c);   
  59   3            i++ ;
  60   3            }
  61   2            TR1=1;        //stop timer
  62   2            
  63   2            //lcd_cmd(0x01);   //clear lcd
  64   2          }
  65   1      }
  66              void lcd_initi(void)
  67          {
  68   1        //  lcd_cmd(0x30);
  69   1          // delay(2);
  70   1          // lcd_cmd(0x30);
  71   1          // delay(1);
  72   1          // lcd_cmd(0x30);
  73   1          // delay(1);
  74   1         lcd_cmd(0x38);   //lcd initialization
  75   1        lcd_cmd(0x80);  //1 st line 1 st position
  76   1        lcd_cmd(0x0c);   //display on cursor off)
  77   1        lcd_cmd(0x06);   //auto-increment in cursor
  78   1        lcd_cmd(0x01);    //clear display
  79   1      }
  80          void string1(void)
  81            {
  82   1          lcd_cmd(0x01);
  83   1          lcd_cmd(0x80);
  84   1      lcd_string("bus_cancelled");
  85   1        //delay(2);
  86   1        }
  87          void lcd_cmd(unsigned char a)
  88          {
  89   1      P1=a;
  90   1      rs=0;
  91   1      rw=0;
  92   1      en=1;
  93   1      delay(2);
  94   1      en=0;
  95   1      }
  96          void lcd_data(unsigned char a)
  97          {
  98   1      P1=a;
  99   1      rs=1;
 100   1      rw=0;
 101   1      en=1;
 102   1      delay(2);
 103   1      en=0;
 104   1      }
 105          //void delay(unsigned int a)
 106          //{
 107            //unsigned int i,j;
 108            //for(i=0;i<a;i++)
 109            //{
 110            //  for(j=0;j<498;j++);
 111            //}
 112          //}
 113            void lcd_string(unsigned char *P)
 114          {
 115   1        unsigned int i;
 116   1        for(i=0;P[i]!='\0';i++)
C51 COMPILER V9.50a   PROJECT                                                              03/24/2023 21:00:44 PAGE 3   

 117   1        {
 118   2          lcd_data(P[i]);
 119   2        }
 120   1      }
 121          void delay(unsigned int a)
 122            {
 123   1          unsigned int i;
 124   1          for(i=0;i<a;i++)
 125   1          {
 126   2            //TMOD=0x21;
 127   2            TH0=0xfc;  //1 msec delay
 128   2            TL0=0x66;
 129   2            TR0=1;     //start timer
 130   2            while(TF0==0);
 131   2            TF0=0;
 132   2            TR0=0;    //stop timer
 133   2          }
 134   1        }
 135            void trans(unsigned char c)
 136            {
 137   1          SBUF=c;
 138   1          while(TI==0);
 139   1          TI=0;
 140   1        }
 141          unsigned char receive(void)
 142            {
 143   1          unsigned char D;
 144   1          while(RI==0)
 145   1          {
 146   2          //  led=0;    //led off
 147   2            keypad();
 148   2          }
 149   1          RI=0;
 150   1         D=SBUF;
 151   1          return(D);
 152   1        }
 153            void keypad(void)
 154            {
 155   1          r2=0;     
 156   1          r1=r0=r3=1;     //  1  is pressed
 157   1         if(c0==0)    
 158   1          {
 159   2            lcd_cmd(0x01);
 160   2            lcd_cmd(0x80);
 161   2            lcd_string(" A1 to B1 ");
 162   2            lcd_cmd(0xc3);
 163   2            lcd_string( "11.30 AM" );
 164   2          }
 165   1      //    lcd_cmd(0x01);   //clear lcd
 166   1          r2=0;             
 167   1         r0=r1=r3=1;    //2 is pressed
 168   1         if(c1==0)    
 169   1          {
 170   2            lcd_cmd(0x01);
 171   2            lcd_cmd(0x80);
 172   2            lcd_string(" A2 to B2 ");
 173   2            lcd_cmd(0xc3);
 174   2            lcd_string( "12.30 AM" ); 
 175   2          }
 176   1          //lcd_cmd(0x01);   //clear lcd
 177   1          r2=0;     
 178   1         r0=r1=r3=1;        //3 is pressed
C51 COMPILER V9.50a   PROJECT                                                              03/24/2023 21:00:44 PAGE 4   

 179   1         if(c2==0)    
 180   1          {
 181   2            lcd_cmd(0x01);
 182   2            lcd_cmd(0x80);
 183   2            lcd_string(" A3 to B3 ");
 184   2            lcd_cmd(0xc3);
 185   2            lcd_string( "1.30 AM" );
 186   2          }
 187   1        }


MODULE INFORMATION:   STATIC OVERLAYABLE
   CODE SIZE        =    424    ----
   CONSTANT SIZE    =     73    ----
   XDATA SIZE       =   ----    ----
   PDATA SIZE       =   ----    ----
   DATA SIZE        =   ----       8
   IDATA SIZE       =   ----    ----
   BIT SIZE         =   ----    ----
END OF MODULE INFORMATION.


C51 COMPILATION COMPLETE.  0 WARNING(S),  0 ERROR(S)
